<html>
<head>
<title>TestNG:  Command line test</title>
<link href="../testng.css" rel="stylesheet" type="text/css" />
<link href="../my-testng.css" rel="stylesheet" type="text/css" />

<style type="text/css">
.log { display: none;} 
.stack-trace { display: none;} 
</style>
<script type="text/javascript">
<!--
function flip(e) {
  current = e.style.display;
  if (current == 'block') {
    e.style.display = 'none';
    return 0;
  }
  else {
    e.style.display = 'block';
    return 1;
  }
}

function toggleBox(szDivId, elem, msg1, msg2)
{
  var res = -1;  if (document.getElementById) {
    res = flip(document.getElementById(szDivId));
  }
  else if (document.all) {
    // this is the way old msie versions work
    res = flip(document.all[szDivId]);
  }
  if(elem) {
    if(res == 0) elem.innerHTML = msg1; else elem.innerHTML = msg2;
  }

}

function toggleAllBoxes() {
  if (document.getElementsByTagName) {
    d = document.getElementsByTagName('div');
    for (i = 0; i < d.length; i++) {
      if (d[i].className == 'log') {
        flip(d[i]);
      }
    }
  }
}

// -->
</script>

</head>
<body>
<h2 align='center'>Command line test</h2><table border='1' align="center">
<tr>
<td>Tests passed/Failed/Skipped:</td><td>32/1/0</td>
</tr><tr>
<td>Started on:</td><td>Wed Dec 25 15:14:51 EET 2019</td>
</tr>
<tr><td>Total time:</td><td>134 seconds (134227 ms)</td>
</tr><tr>
<td>Included groups:</td><td></td>
</tr><tr>
<td>Excluded groups:</td><td></td>
</tr>
</table><p/>
<small><i>(Hover the method name to see the test class name)</i></small><p/>
<table width='100%' border='1' class='invocation-failed'>
<tr><td colspan='4' align='center'><b>FAILED TESTS</b></td></tr>
<tr><td><b>Test method</b></td>
<td width="30%"><b>Exception</b></td>
<td width="10%"><b>Time (seconds)</b></td>
<td><b>Instance</b></td>
</tr>
<tr>
<td title='tests.RegistrationFormTest.makeLogoutTest()'><b>makeLogoutTest</b><br>Test class: tests.RegistrationFormTest</td>
<td><div><pre>org.openqa.selenium.NoSuchElementException: no such element: Unable to locate element: {&quot;method&quot;:&quot;link text&quot;,&quot;selector&quot;:&quot; ”ÃÌ· «·Œ—ÊÃ&quot;}
  (Session info: chrome=79.0.3945.88)
For documentation on this error, please visit: https://www.seleniumhq.org/exceptions/no_such_element.html
Build info: version: &apos;3.141.59&apos;, revision: &apos;e82be7d358&apos;, time: &apos;2018-11-14T08:17:03&apos;
System info: host: &apos;DESKTOP-IQFTFHJ&apos;, ip: &apos;192.168.8.134&apos;, os.name: &apos;Windows 10&apos;, os.arch: &apos;amd64&apos;, os.version: &apos;10.0&apos;, java.version: &apos;1.8.0_201&apos;
Driver info: org.openqa.selenium.chrome.ChromeDriver
Capabilities {acceptInsecureCerts: false, browserName: chrome, browserVersion: 79.0.3945.88, chrome: {chromedriverVersion: 78.0.3904.105 (60e2d8774a81..., userDataDir: C:\Users\ahmed\AppData\Loca...}, goog:chromeOptions: {debuggerAddress: localhost:3163}, javascriptEnabled: true, networkConnectionEnabled: false, pageLoadStrategy: normal, platform: XP, platformName: XP, proxy: Proxy(), setWindowRect: true, strictFileInteractability: false, timeouts: {implicit: 0, pageLoad: 300000, script: 30000}, unhandledPromptBehavior: dismiss and notify}
Session ID: 766b4313804e5bcae68b5104805d473e
*** Element info: {Using=link text, value= ”ÃÌ· «·Œ—ÊÃ}
	at org.openqa.selenium.remote.http.W3CHttpResponseCodec.createException(W3CHttpResponseCodec.java:187)
	at org.openqa.selenium.remote.http.W3CHttpResponseCodec.decode(W3CHttpResponseCodec.java:122)
	at org.openqa.selenium.remote.http.W3CHttpResponseCodec.decode(W3CHttpResponseCodec.java:49)
	at org.openqa.selenium.remote.HttpCommandExecutor.execute(HttpCommandExecutor.java:158)
	at org.openqa.selenium.remote.service.DriverCommandExecutor.execute(DriverCommandExecutor.java:83)
	at org.openqa.selenium.remote.RemoteWebDriver.execute(RemoteWebDriver.java:552)
	at org.openqa.selenium.remote.RemoteWebDriver.findElement(RemoteWebDriver.java:323)
	at org.openqa.selenium.remote.RemoteWebDriver.findElementByLinkText(RemoteWebDriver.java:380)
	at org.openqa.selenium.By$ByLinkText.findElement(By.java:220)
	at org.openqa.selenium.remote.RemoteWebDriver.findElement(RemoteWebDriver.java:315)
	at org.openqa.selenium.support.pagefactory.DefaultElementLocator.findElement(DefaultElementLocator.java:69)
	at org.openqa.selenium.support.pagefactory.internal.LocatingElementHandler.invoke(LocatingElementHandler.java:38)
	at com.sun.proxy.$Proxy10.click(Unknown Source)
	at pages.PageBase.clickButton(PageBase.java:48)
	at pages.HomePage.logoutFun(HomePage.java:28)
	at tests.RegistrationFormTest.makeLogoutTest(RegistrationFormTest.java:52)
	at java.util.ArrayList.forEach(ArrayList.java:1257)
... Removed 41 stack frames</pre></div><a href='#' onClick='toggleBox("stack-trace1787328073", this, "Click to show all stack frames", "Click to hide stack frames")'>Click to show all stack frames</a>
<div class='stack-trace' id='stack-trace1787328073'><pre>org.openqa.selenium.NoSuchElementException: no such element: Unable to locate element: {&quot;method&quot;:&quot;link text&quot;,&quot;selector&quot;:&quot; ”ÃÌ· «·Œ—ÊÃ&quot;}
  (Session info: chrome=79.0.3945.88)
For documentation on this error, please visit: https://www.seleniumhq.org/exceptions/no_such_element.html
Build info: version: &apos;3.141.59&apos;, revision: &apos;e82be7d358&apos;, time: &apos;2018-11-14T08:17:03&apos;
System info: host: &apos;DESKTOP-IQFTFHJ&apos;, ip: &apos;192.168.8.134&apos;, os.name: &apos;Windows 10&apos;, os.arch: &apos;amd64&apos;, os.version: &apos;10.0&apos;, java.version: &apos;1.8.0_201&apos;
Driver info: org.openqa.selenium.chrome.ChromeDriver
Capabilities {acceptInsecureCerts: false, browserName: chrome, browserVersion: 79.0.3945.88, chrome: {chromedriverVersion: 78.0.3904.105 (60e2d8774a81..., userDataDir: C:\Users\ahmed\AppData\Loca...}, goog:chromeOptions: {debuggerAddress: localhost:3163}, javascriptEnabled: true, networkConnectionEnabled: false, pageLoadStrategy: normal, platform: XP, platformName: XP, proxy: Proxy(), setWindowRect: true, strictFileInteractability: false, timeouts: {implicit: 0, pageLoad: 300000, script: 30000}, unhandledPromptBehavior: dismiss and notify}
Session ID: 766b4313804e5bcae68b5104805d473e
*** Element info: {Using=link text, value= ”ÃÌ· «·Œ—ÊÃ}
	at sun.reflect.NativeConstructorAccessorImpl.newInstance0(Native Method)
	at sun.reflect.NativeConstructorAccessorImpl.newInstance(NativeConstructorAccessorImpl.java:62)
	at sun.reflect.DelegatingConstructorAccessorImpl.newInstance(DelegatingConstructorAccessorImpl.java:45)
	at java.lang.reflect.Constructor.newInstance(Constructor.java:423)
	at org.openqa.selenium.remote.http.W3CHttpResponseCodec.createException(W3CHttpResponseCodec.java:187)
	at org.openqa.selenium.remote.http.W3CHttpResponseCodec.decode(W3CHttpResponseCodec.java:122)
	at org.openqa.selenium.remote.http.W3CHttpResponseCodec.decode(W3CHttpResponseCodec.java:49)
	at org.openqa.selenium.remote.HttpCommandExecutor.execute(HttpCommandExecutor.java:158)
	at org.openqa.selenium.remote.service.DriverCommandExecutor.execute(DriverCommandExecutor.java:83)
	at org.openqa.selenium.remote.RemoteWebDriver.execute(RemoteWebDriver.java:552)
	at org.openqa.selenium.remote.RemoteWebDriver.findElement(RemoteWebDriver.java:323)
	at org.openqa.selenium.remote.RemoteWebDriver.findElementByLinkText(RemoteWebDriver.java:380)
	at org.openqa.selenium.By$ByLinkText.findElement(By.java:220)
	at org.openqa.selenium.remote.RemoteWebDriver.findElement(RemoteWebDriver.java:315)
	at org.openqa.selenium.support.pagefactory.DefaultElementLocator.findElement(DefaultElementLocator.java:69)
	at org.openqa.selenium.support.pagefactory.internal.LocatingElementHandler.invoke(LocatingElementHandler.java:38)
	at com.sun.proxy.$Proxy10.click(Unknown Source)
	at pages.PageBase.clickButton(PageBase.java:48)
	at pages.HomePage.logoutFun(HomePage.java:28)
	at tests.RegistrationFormTest.makeLogoutTest(RegistrationFormTest.java:52)
	at sun.reflect.NativeMethodAccessorImpl.invoke0(Native Method)
	at sun.reflect.NativeMethodAccessorImpl.invoke(NativeMethodAccessorImpl.java:62)
	at sun.reflect.DelegatingMethodAccessorImpl.invoke(DelegatingMethodAccessorImpl.java:43)
	at java.lang.reflect.Method.invoke(Method.java:498)
	at org.testng.internal.MethodInvocationHelper.invokeMethod(MethodInvocationHelper.java:133)
	at org.testng.internal.TestInvoker.invokeMethod(TestInvoker.java:584)
	at org.testng.internal.TestInvoker.invokeTestMethod(TestInvoker.java:172)
	at org.testng.internal.MethodRunner.runInSequence(MethodRunner.java:46)
	at org.testng.internal.TestInvoker$MethodInvocationAgent.invoke(TestInvoker.java:804)
	at org.testng.internal.TestInvoker.invokeTestMethods(TestInvoker.java:145)
	at org.testng.internal.TestMethodWorker.invokeTestMethods(TestMethodWorker.java:146)
	at org.testng.internal.TestMethodWorker.run(TestMethodWorker.java:128)
	at java.util.ArrayList.forEach(ArrayList.java:1257)
	at org.testng.TestRunner.privateRun(TestRunner.java:770)
	at org.testng.TestRunner.run(TestRunner.java:591)
	at org.testng.SuiteRunner.runTest(SuiteRunner.java:402)
	at org.testng.SuiteRunner.runSequentially(SuiteRunner.java:396)
	at org.testng.SuiteRunner.privateRun(SuiteRunner.java:355)
	at org.testng.SuiteRunner.run(SuiteRunner.java:304)
	at org.testng.SuiteRunnerWorker.runSuite(SuiteRunnerWorker.java:53)
	at org.testng.SuiteRunnerWorker.run(SuiteRunnerWorker.java:96)
	at org.testng.TestNG.runSuitesSequentially(TestNG.java:1180)
	at org.testng.TestNG.runSuitesLocally(TestNG.java:1102)
	at org.testng.TestNG.runSuites(TestNG.java:1032)
	at org.testng.TestNG.run(TestNG.java:1000)
	at org.apache.maven.surefire.testng.TestNGExecutor.run(TestNGExecutor.java:77)
	at org.apache.maven.surefire.testng.TestNGDirectoryTestSuite.executeMulti(TestNGDirectoryTestSuite.java:159)
	at org.apache.maven.surefire.testng.TestNGDirectoryTestSuite.execute(TestNGDirectoryTestSuite.java:99)
	at org.apache.maven.surefire.testng.TestNGProvider.invoke(TestNGProvider.java:106)
	at sun.reflect.NativeMethodAccessorImpl.invoke0(Native Method)
	at sun.reflect.NativeMethodAccessorImpl.invoke(NativeMethodAccessorImpl.java:62)
	at sun.reflect.DelegatingMethodAccessorImpl.invoke(DelegatingMethodAccessorImpl.java:43)
	at java.lang.reflect.Method.invoke(Method.java:498)
	at org.apache.maven.surefire.util.ReflectionUtils.invokeMethodWithArray(ReflectionUtils.java:189)
	at org.apache.maven.surefire.booter.ProviderFactory$ProviderProxy.invoke(ProviderFactory.java:165)
	at org.apache.maven.surefire.booter.ProviderFactory.invokeProvider(ProviderFactory.java:85)
	at org.apache.maven.surefire.booter.ForkedBooter.runSuitesInProcess(ForkedBooter.java:115)
	at org.apache.maven.surefire.booter.ForkedBooter.main(ForkedBooter.java:75)
</pre></div></td>
<td>30</td>
<td>tests.RegistrationFormTest@2a661215</td></tr>
</table><p>
<table width='100%' border='1' class='invocation-passed'>
<tr><td colspan='4' align='center'><b>PASSED TESTS</b></td></tr>
<tr><td><b>Test method</b></td>
<td width="30%"><b>Exception</b></td>
<td width="10%"><b>Time (seconds)</b></td>
<td><b>Instance</b></td>
</tr>
<tr>
<td title='tests.LoginTest.emptyEmailFieldLoginFormTest()'><b>emptyEmailFieldLoginFormTest</b><br>Test class: tests.LoginTest</td>
<td></td>
<td>0</td>
<td>tests.LoginTest@1cb44a2f</td></tr>
<tr>
<td title='tests.LoginTest.emptyPasswordFieldLoginFormTest()'><b>emptyPasswordFieldLoginFormTest</b><br>Test class: tests.LoginTest</td>
<td></td>
<td>1</td>
<td>tests.LoginTest@1cb44a2f</td></tr>
<tr>
<td title='tests.ForgetPasswordTest.emptydataForgetPasswordFormTest()'><b>emptydataForgetPasswordFormTest</b><br>Test class: tests.ForgetPasswordTest</td>
<td></td>
<td>0</td>
<td>tests.ForgetPasswordTest@5c60c08</td></tr>
<tr>
<td title='tests.LoginTest.emptydataLoginFormTest()'><b>emptydataLoginFormTest</b><br>Test class: tests.LoginTest</td>
<td></td>
<td>0</td>
<td>tests.LoginTest@1cb44a2f</td></tr>
<tr>
<td title='tests.ExportRequestPermitTest.exportPermitRequestTest()'><b>exportPermitRequestTest</b><br>Test class: tests.ExportRequestPermitTest</td>
<td></td>
<td>2</td>
<td>tests.ExportRequestPermitTest@2d3b0978</td></tr>
<tr>
<td title='tests.RequestPermitTest.exportPermitRequestTest()'><b>exportPermitRequestTest</b><br>Test class: tests.RequestPermitTest</td>
<td></td>
<td>1</td>
<td>tests.RequestPermitTest@1f75fd1d</td></tr>
<tr>
<td title='tests.ForgetPasswordTest.forgetPasswordFormTest()'><b>forgetPasswordFormTest</b><br>Test class: tests.ForgetPasswordTest</td>
<td></td>
<td>3</td>
<td>tests.ForgetPasswordTest@5c60c08</td></tr>
<tr>
<td title='tests.ForgetPasswordTest.invalidDataForgetPasswordFormTest()'><b>invalidDataForgetPasswordFormTest</b><br>Test class: tests.ForgetPasswordTest</td>
<td></td>
<td>1</td>
<td>tests.ForgetPasswordTest@5c60c08</td></tr>
<tr>
<td title='tests.ExpiryDatesTest.makeLoginFormTest()'><b>makeLoginFormTest</b><br>Test class: tests.ExpiryDatesTest</td>
<td></td>
<td>1</td>
<td>tests.ExpiryDatesTest@3f80d8c</td></tr>
<tr>
<td title='tests.ExportRequestPermitTest.makeLoginFormTest()'><b>makeLoginFormTest</b><br>Test class: tests.ExportRequestPermitTest</td>
<td></td>
<td>1</td>
<td>tests.ExportRequestPermitTest@2d3b0978</td></tr>
<tr>
<td title='tests.LoginTest.makeLoginFormTest()'><b>makeLoginFormTest</b><br>Test class: tests.LoginTest</td>
<td></td>
<td>2</td>
<td>tests.LoginTest@1cb44a2f</td></tr>
<tr>
<td title='tests.PermitManagementListTest.makeLoginFormTest()'><b>makeLoginFormTest</b><br>Test class: tests.PermitManagementListTest</td>
<td></td>
<td>1</td>
<td>tests.PermitManagementListTest@5fe3b058</td></tr>
<tr>
<td title='tests.RequestPermitTest.makeLoginFormTest()'><b>makeLoginFormTest</b><br>Test class: tests.RequestPermitTest</td>
<td></td>
<td>1</td>
<td>tests.RequestPermitTest@1f75fd1d</td></tr>
<tr>
<td title='tests.ExpiryDatesTest.makeLogoutTest()'><b>makeLogoutTest</b><br>Test class: tests.ExpiryDatesTest</td>
<td></td>
<td>0</td>
<td>tests.ExpiryDatesTest@3f80d8c</td></tr>
<tr>
<td title='tests.ExportRequestPermitTest.makeLogoutTest()'><b>makeLogoutTest</b><br>Test class: tests.ExportRequestPermitTest</td>
<td></td>
<td>1</td>
<td>tests.ExportRequestPermitTest@2d3b0978</td></tr>
<tr>
<td title='tests.LoginTest.makeLogoutTest()'><b>makeLogoutTest</b><br>Test class: tests.LoginTest</td>
<td></td>
<td>2</td>
<td>tests.LoginTest@1cb44a2f</td></tr>
<tr>
<td title='tests.PermitManagementListTest.makeLogoutTest()'><b>makeLogoutTest</b><br>Test class: tests.PermitManagementListTest</td>
<td></td>
<td>1</td>
<td>tests.PermitManagementListTest@5fe3b058</td></tr>
<tr>
<td title='tests.RequestPermitTest.makeLogoutTest()'><b>makeLogoutTest</b><br>Test class: tests.RequestPermitTest</td>
<td></td>
<td>0</td>
<td>tests.RequestPermitTest@1f75fd1d</td></tr>
<tr>
<td title='tests.ForgetPasswordTest.openForgetPasswordFormTest()'><b>openForgetPasswordFormTest</b><br>Test class: tests.ForgetPasswordTest</td>
<td></td>
<td>0</td>
<td>tests.ForgetPasswordTest@5c60c08</td></tr>
<tr>
<td title='tests.ExpiryDatesTest.openLoginFormTest()'><b>openLoginFormTest</b><br>Test class: tests.ExpiryDatesTest</td>
<td></td>
<td>11</td>
<td>tests.ExpiryDatesTest@3f80d8c</td></tr>
<tr>
<td title='tests.ExportRequestPermitTest.openLoginFormTest()'><b>openLoginFormTest</b><br>Test class: tests.ExportRequestPermitTest</td>
<td></td>
<td>1</td>
<td>tests.ExportRequestPermitTest@2d3b0978</td></tr>
<tr>
<td title='tests.ForgetPasswordTest.openLoginFormTest()'><b>openLoginFormTest</b><br>Test class: tests.ForgetPasswordTest</td>
<td></td>
<td>1</td>
<td>tests.ForgetPasswordTest@5c60c08</td></tr>
<tr>
<td title='tests.LoginTest.openLoginFormTest()'><b>openLoginFormTest</b><br>Test class: tests.LoginTest</td>
<td></td>
<td>1</td>
<td>tests.LoginTest@1cb44a2f</td></tr>
<tr>
<td title='tests.PermitManagementListTest.openLoginFormTest()'><b>openLoginFormTest</b><br>Test class: tests.PermitManagementListTest</td>
<td></td>
<td>1</td>
<td>tests.PermitManagementListTest@5fe3b058</td></tr>
<tr>
<td title='tests.RequestPermitTest.openLoginFormTest()'><b>openLoginFormTest</b><br>Test class: tests.RequestPermitTest</td>
<td></td>
<td>0</td>
<td>tests.RequestPermitTest@1f75fd1d</td></tr>
<tr>
<td title='tests.PermitManagementListTest.openPermitMagementListTest()'><b>openPermitMagementListTest</b><br>Test class: tests.PermitManagementListTest</td>
<td></td>
<td>1</td>
<td>tests.PermitManagementListTest@5fe3b058</td></tr>
<tr>
<td title='tests.RegistrationFormTest.openRegisterFormTest()'><b>openRegisterFormTest</b><br>Test class: tests.RegistrationFormTest</td>
<td></td>
<td>1</td>
<td>tests.RegistrationFormTest@2a661215</td></tr>
<tr>
<td title='tests.ExpiryDatesTest.requestPermitTest()'><b>requestPermitTest</b><br>Test class: tests.ExpiryDatesTest</td>
<td></td>
<td>0</td>
<td>tests.ExpiryDatesTest@3f80d8c</td></tr>
<tr>
<td title='tests.RequestPermitTest.requestPermitTest()'><b>requestPermitTest</b><br>Test class: tests.RequestPermitTest</td>
<td></td>
<td>0</td>
<td>tests.RequestPermitTest@1f75fd1d</td></tr>
<tr>
<td title='tests.RequestPermitTest.selectPermitTypeTest()'><b>selectPermitTypeTest</b><br>Test class: tests.RequestPermitTest</td>
<td></td>
<td>0</td>
<td>tests.RequestPermitTest@1f75fd1d</td></tr>
<tr>
<td title='tests.RegistrationFormTest.submitRegisterFormTest()'><b>submitRegisterFormTest</b><br>Test class: tests.RegistrationFormTest</td>
<td></td>
<td>6</td>
<td>tests.RegistrationFormTest@2a661215</td></tr>
<tr>
<td title='tests.ExportRequestPermitTest.validFillExportPermitForm()'><b>validFillExportPermitForm</b><br>Test class: tests.ExportRequestPermitTest</td>
<td></td>
<td>46</td>
<td>tests.ExportRequestPermitTest@2d3b0978</td></tr>
</table><p>
</body>
</html>