<?xml version="1.0" encoding="UTF-8"?>
<!-- Generated by org.testng.reporters.JUnitXMLReporter -->
<testsuite hostname="DESKTOP-IQFTFHJ" ignored="14" name="Command line test" tests="33" failures="1" timestamp="2019-12-25T15:17:06 EET" time="134.227" errors="0">
  <testcase name="openLoginFormTest" time="11.688" classname="tests.ExpiryDatesTest"/>
  <testcase name="makeLoginFormTest" time="1.594" classname="tests.ExpiryDatesTest"/>
  <testcase name="requestPermitTest" time="0.817" classname="tests.ExpiryDatesTest"/>
  <testcase name="makeLogoutTest" time="0.852" classname="tests.ExpiryDatesTest"/>
  <testcase name="openLoginFormTest" time="1.079" classname="tests.ExportRequestPermitTest"/>
  <testcase name="makeLoginFormTest" time="1.338" classname="tests.ExportRequestPermitTest"/>
  <testcase name="exportPermitRequestTest" time="2.789" classname="tests.ExportRequestPermitTest"/>
  <testcase name="validFillExportPermitForm" time="46.79" classname="tests.ExportRequestPermitTest"/>
  <testcase name="makeLogoutTest" time="1.057" classname="tests.ExportRequestPermitTest"/>
  <testcase name="openLoginFormTest" time="1.21" classname="tests.ForgetPasswordTest"/>
  <testcase name="openForgetPasswordFormTest" time="0.687" classname="tests.ForgetPasswordTest"/>
  <testcase name="emptydataForgetPasswordFormTest" time="0.185" classname="tests.ForgetPasswordTest"/>
  <testcase name="invalidDataForgetPasswordFormTest" time="1.371" classname="tests.ForgetPasswordTest"/>
  <testcase name="forgetPasswordFormTest" time="3.805" classname="tests.ForgetPasswordTest"/>
  <testcase name="openLoginFormTest" time="1.454" classname="tests.LoginTest"/>
  <testcase name="emptydataLoginFormTest" time="0.337" classname="tests.LoginTest"/>
  <testcase name="emptyEmailFieldLoginFormTest" time="0.771" classname="tests.LoginTest"/>
  <testcase name="emptyPasswordFieldLoginFormTest" time="1.316" classname="tests.LoginTest"/>
  <testcase name="makeLoginFormTest" time="2.498" classname="tests.LoginTest"/>
  <testcase name="makeLogoutTest" time="2.161" classname="tests.LoginTest"/>
  <testcase name="openLoginFormTest" time="1.515" classname="tests.PermitManagementListTest"/>
  <testcase name="makeLoginFormTest" time="1.969" classname="tests.PermitManagementListTest"/>
  <testcase name="openPermitMagementListTest" time="1.856" classname="tests.PermitManagementListTest"/>
  <testcase name="makeLogoutTest" time="1.092" classname="tests.PermitManagementListTest"/>
  <testcase name="openRegisterFormTest" time="1.477" classname="tests.RegistrationFormTest"/>
  <testcase name="submitRegisterFormTest" time="6.967" classname="tests.RegistrationFormTest"/>
  <testcase name="makeLogoutTest" time="30.053" classname="tests.RegistrationFormTest">
    <failure type="org.openqa.selenium.NoSuchElementException" message="no such element: Unable to locate element: {&amp;quot;method&amp;quot;:&amp;quot;link text&amp;quot;,&amp;quot;selector&amp;quot;:&amp;quot;تسجيل الخروج&amp;quot;}
  (Session info: chrome=79.0.3945.88)
For documentation on this error, please visit: https://www.seleniumhq.org/exceptions/no_such_element.html
Build info: version: &amp;apos;3.141.59&amp;apos;, revision: &amp;apos;e82be7d358&amp;apos;, time: &amp;apos;2018-11-14T08:17:03&amp;apos;
System info: host: &amp;apos;DESKTOP-IQFTFHJ&amp;apos;, ip: &amp;apos;192.168.8.134&amp;apos;, os.name: &amp;apos;Windows 10&amp;apos;, os.arch: &amp;apos;amd64&amp;apos;, os.version: &amp;apos;10.0&amp;apos;, java.version: &amp;apos;1.8.0_201&amp;apos;
Driver info: org.openqa.selenium.chrome.ChromeDriver
Capabilities {acceptInsecureCerts: false, browserName: chrome, browserVersion: 79.0.3945.88, chrome: {chromedriverVersion: 78.0.3904.105 (60e2d8774a81..., userDataDir: C:\Users\ahmed\AppData\Loca...}, goog:chromeOptions: {debuggerAddress: localhost:3163}, javascriptEnabled: true, networkConnectionEnabled: false, pageLoadStrategy: normal, platform: XP, platformName: XP, proxy: Proxy(), setWindowRect: true, strictFileInteractability: false, timeouts: {implicit: 0, pageLoad: 300000, script: 30000}, unhandledPromptBehavior: dismiss and notify}
Session ID: 766b4313804e5bcae68b5104805d473e
*** Element info: {Using=link text, value=تسجيل الخروج}">
      <![CDATA[org.openqa.selenium.NoSuchElementException: no such element: Unable to locate element: {"method":"link text","selector":"تسجيل الخروج"}
  (Session info: chrome=79.0.3945.88)
For documentation on this error, please visit: https://www.seleniumhq.org/exceptions/no_such_element.html
Build info: version: '3.141.59', revision: 'e82be7d358', time: '2018-11-14T08:17:03'
System info: host: 'DESKTOP-IQFTFHJ', ip: '192.168.8.134', os.name: 'Windows 10', os.arch: 'amd64', os.version: '10.0', java.version: '1.8.0_201'
Driver info: org.openqa.selenium.chrome.ChromeDriver
Capabilities {acceptInsecureCerts: false, browserName: chrome, browserVersion: 79.0.3945.88, chrome: {chromedriverVersion: 78.0.3904.105 (60e2d8774a81..., userDataDir: C:\Users\ahmed\AppData\Loca...}, goog:chromeOptions: {debuggerAddress: localhost:3163}, javascriptEnabled: true, networkConnectionEnabled: false, pageLoadStrategy: normal, platform: XP, platformName: XP, proxy: Proxy(), setWindowRect: true, strictFileInteractability: false, timeouts: {implicit: 0, pageLoad: 300000, script: 30000}, unhandledPromptBehavior: dismiss and notify}
Session ID: 766b4313804e5bcae68b5104805d473e
*** Element info: {Using=link text, value=تسجيل الخروج}
at org.openqa.selenium.remote.http.W3CHttpResponseCodec.createException(W3CHttpResponseCodec.java:187)
at org.openqa.selenium.remote.http.W3CHttpResponseCodec.decode(W3CHttpResponseCodec.java:122)
at org.openqa.selenium.remote.http.W3CHttpResponseCodec.decode(W3CHttpResponseCodec.java:49)
at org.openqa.selenium.remote.HttpCommandExecutor.execute(HttpCommandExecutor.java:158)
at org.openqa.selenium.remote.service.DriverCommandExecutor.execute(DriverCommandExecutor.java:83)
at org.openqa.selenium.remote.RemoteWebDriver.execute(RemoteWebDriver.java:552)
at org.openqa.selenium.remote.RemoteWebDriver.findElement(RemoteWebDriver.java:323)
at org.openqa.selenium.remote.RemoteWebDriver.findElementByLinkText(RemoteWebDriver.java:380)
at org.openqa.selenium.By$ByLinkText.findElement(By.java:220)
at org.openqa.selenium.remote.RemoteWebDriver.findElement(RemoteWebDriver.java:315)
at org.openqa.selenium.support.pagefactory.DefaultElementLocator.findElement(DefaultElementLocator.java:69)
at org.openqa.selenium.support.pagefactory.internal.LocatingElementHandler.invoke(LocatingElementHandler.java:38)
at com.sun.proxy.$Proxy10.click(Unknown Source)
at pages.PageBase.clickButton(PageBase.java:48)
at pages.HomePage.logoutFun(HomePage.java:28)
at tests.RegistrationFormTest.makeLogoutTest(RegistrationFormTest.java:52)
at java.util.ArrayList.forEach(ArrayList.java:1257)
... Removed 41 stack frames]]>
    </failure>
  </testcase> <!-- makeLogoutTest -->
  <testcase name="openLoginFormTest" time="0.868" classname="tests.RequestPermitTest"/>
  <testcase name="makeLoginFormTest" time="1.073" classname="tests.RequestPermitTest"/>
  <testcase name="requestPermitTest" time="0.491" classname="tests.RequestPermitTest"/>
  <testcase name="selectPermitTypeTest" time="0.44" classname="tests.RequestPermitTest"/>
  <testcase name="exportPermitRequestTest" time="1.506" classname="tests.RequestPermitTest"/>
  <testcase name="makeLogoutTest" time="0.672" classname="tests.RequestPermitTest"/>
  <testcase name="@AfterSuite stopDriver" time="0.0" classname="tests.TestBase">
    <ignored/>
  </testcase> <!-- @AfterSuite stopDriver -->
  <testcase name="@AfterSuite stopDriver" time="0.0" classname="tests.TestBase">
    <ignored/>
  </testcase> <!-- @AfterSuite stopDriver -->
  <testcase name="@AfterSuite stopDriver" time="0.0" classname="tests.TestBase">
    <ignored/>
  </testcase> <!-- @AfterSuite stopDriver -->
  <testcase name="@AfterSuite stopDriver" time="0.0" classname="tests.TestBase">
    <ignored/>
  </testcase> <!-- @AfterSuite stopDriver -->
  <testcase name="@AfterSuite stopDriver" time="0.0" classname="tests.TestBase">
    <ignored/>
  </testcase> <!-- @AfterSuite stopDriver -->
  <testcase name="@AfterSuite stopDriver" time="0.0" classname="tests.TestBase">
    <ignored/>
  </testcase> <!-- @AfterSuite stopDriver -->
  <testcase name="@AfterSuite stopDriver" time="0.0" classname="tests.TestBase">
    <ignored/>
  </testcase> <!-- @AfterSuite stopDriver -->
  <testcase name="@BeforeSuite startDriver" time="0.0" classname="tests.TestBase">
    <ignored/>
  </testcase> <!-- @BeforeSuite startDriver -->
  <testcase name="@BeforeSuite startDriver" time="0.0" classname="tests.TestBase">
    <ignored/>
  </testcase> <!-- @BeforeSuite startDriver -->
  <testcase name="@BeforeSuite startDriver" time="0.0" classname="tests.TestBase">
    <ignored/>
  </testcase> <!-- @BeforeSuite startDriver -->
  <testcase name="@BeforeSuite startDriver" time="0.0" classname="tests.TestBase">
    <ignored/>
  </testcase> <!-- @BeforeSuite startDriver -->
  <testcase name="@BeforeSuite startDriver" time="0.0" classname="tests.TestBase">
    <ignored/>
  </testcase> <!-- @BeforeSuite startDriver -->
  <testcase name="@BeforeSuite startDriver" time="0.0" classname="tests.TestBase">
    <ignored/>
  </testcase> <!-- @BeforeSuite startDriver -->
  <testcase name="@BeforeSuite startDriver" time="0.0" classname="tests.TestBase">
    <ignored/>
  </testcase> <!-- @BeforeSuite startDriver -->
</testsuite> <!-- Command line test -->
