<?xml version="1.0" encoding="UTF-8"?>
<!-- Generated by org.testng.reporters.JUnitXMLReporter -->
<testsuite hostname="DESKTOP-IQFTFHJ" name="Regression Test" tests="26" failures="0" timestamp="25 Dec 2019 09:44:28 GMT" time="0.029" errors="0">
  <testcase name="@BeforeSuite startDriver" time="0.0" classname="tests.ExportRequestPermitTest">
    <failure type="org.openqa.selenium.SessionNotCreatedException" message="session not created
from chrome not reachable
  (Session info: chrome=79.0.3945.88)
Build info: version: &amp;apos;3.141.59&amp;apos;, revision: &amp;apos;e82be7d358&amp;apos;, time: &amp;apos;2018-11-14T08:17:03&amp;apos;
System info: host: &amp;apos;DESKTOP-IQFTFHJ&amp;apos;, ip: &amp;apos;192.168.8.134&amp;apos;, os.name: &amp;apos;Windows 10&amp;apos;, os.arch: &amp;apos;amd64&amp;apos;, os.version: &amp;apos;10.0&amp;apos;, java.version: &amp;apos;1.8.0_201&amp;apos;
Driver info: driver.version: ChromeDriver
remote stacktrace: Backtrace:
	Ordinal0 [0x00EEA923+1550627]
	Ordinal0 [0x00E6A731+1025841]
	Ordinal0 [0x00DEC5BE+509374]
	Ordinal0 [0x00DE62F2+484082]
	Ordinal0 [0x00DE69CB+485835]
	Ordinal0 [0x00DE7B35+490293]
	Ordinal0 [0x00DE3AB5+473781]
	Ordinal0 [0x00DED360+512864]
	Ordinal0 [0x00D9B649+177737]
	Ordinal0 [0x00D9A8ED+174317]
	Ordinal0 [0x00D98CDB+167131]
	Ordinal0 [0x00D8144A+70730]
	Ordinal0 [0x00D824D0+74960]
	Ordinal0 [0x00D82469+74857]
	Ordinal0 [0x00E842F7+1131255]
	GetHandleVerifier [0x00F8711D+523789]
	GetHandleVerifier [0x00F86EB0+523168]
	GetHandleVerifier [0x00F8E207+552695]
	GetHandleVerifier [0x00F8791A+525834]
	Ordinal0 [0x00E7B82C+1095724]
	Ordinal0 [0x00E8636B+1139563]
	Ordinal0 [0x00E864D3+1139923]
	Ordinal0 [0x00E85455+1135701]
	BaseThreadInitThunk [0x74C86359+25]
	RtlGetAppContainerNamedObjectPath [0x771E7B74+228]
	RtlGetAppContainerNamedObjectPath [0x771E7B44+180]
">
      <![CDATA[org.openqa.selenium.SessionNotCreatedException: session not created
from chrome not reachable
  (Session info: chrome=79.0.3945.88)
Build info: version: '3.141.59', revision: 'e82be7d358', time: '2018-11-14T08:17:03'
System info: host: 'DESKTOP-IQFTFHJ', ip: '192.168.8.134', os.name: 'Windows 10', os.arch: 'amd64', os.version: '10.0', java.version: '1.8.0_201'
Driver info: driver.version: ChromeDriver
remote stacktrace: Backtrace:
	Ordinal0 [0x00EEA923+1550627]
	Ordinal0 [0x00E6A731+1025841]
	Ordinal0 [0x00DEC5BE+509374]
	Ordinal0 [0x00DE62F2+484082]
	Ordinal0 [0x00DE69CB+485835]
	Ordinal0 [0x00DE7B35+490293]
	Ordinal0 [0x00DE3AB5+473781]
	Ordinal0 [0x00DED360+512864]
	Ordinal0 [0x00D9B649+177737]
	Ordinal0 [0x00D9A8ED+174317]
	Ordinal0 [0x00D98CDB+167131]
	Ordinal0 [0x00D8144A+70730]
	Ordinal0 [0x00D824D0+74960]
	Ordinal0 [0x00D82469+74857]
	Ordinal0 [0x00E842F7+1131255]
	GetHandleVerifier [0x00F8711D+523789]
	GetHandleVerifier [0x00F86EB0+523168]
	GetHandleVerifier [0x00F8E207+552695]
	GetHandleVerifier [0x00F8791A+525834]
	Ordinal0 [0x00E7B82C+1095724]
	Ordinal0 [0x00E8636B+1139563]
	Ordinal0 [0x00E864D3+1139923]
	Ordinal0 [0x00E85455+1135701]
	BaseThreadInitThunk [0x74C86359+25]
	RtlGetAppContainerNamedObjectPath [0x771E7B74+228]
	RtlGetAppContainerNamedObjectPath [0x771E7B44+180]

	at org.openqa.selenium.remote.W3CHandshakeResponse.lambda$errorHandler$0(W3CHandshakeResponse.java:62)
	at org.openqa.selenium.remote.HandshakeResponse.lambda$getResponseFunction$0(HandshakeResponse.java:30)
	at org.openqa.selenium.remote.ProtocolHandshake.lambda$createSession$0(ProtocolHandshake.java:126)
	at java.util.stream.ReferencePipeline$3$1.accept(Unknown Source)
	at java.util.Spliterators$ArraySpliterator.tryAdvance(Unknown Source)
	at java.util.stream.ReferencePipeline.forEachWithCancel(Unknown Source)
	at java.util.stream.AbstractPipeline.copyIntoWithCancel(Unknown Source)
	at java.util.stream.AbstractPipeline.copyInto(Unknown Source)
	at java.util.stream.AbstractPipeline.wrapAndCopyInto(Unknown Source)
	at java.util.stream.FindOps$FindOp.evaluateSequential(Unknown Source)
	at java.util.stream.AbstractPipeline.evaluate(Unknown Source)
	at java.util.stream.ReferencePipeline.findFirst(Unknown Source)
	at org.openqa.selenium.remote.ProtocolHandshake.createSession(ProtocolHandshake.java:128)
	at org.openqa.selenium.remote.ProtocolHandshake.createSession(ProtocolHandshake.java:74)
	at org.openqa.selenium.remote.HttpCommandExecutor.execute(HttpCommandExecutor.java:136)
	at org.openqa.selenium.remote.service.DriverCommandExecutor.execute(DriverCommandExecutor.java:83)
	at org.openqa.selenium.remote.RemoteWebDriver.execute(RemoteWebDriver.java:552)
	at org.openqa.selenium.remote.RemoteWebDriver.startSession(RemoteWebDriver.java:213)
	at org.openqa.selenium.remote.RemoteWebDriver.<init>(RemoteWebDriver.java:131)
	at org.openqa.selenium.chrome.ChromeDriver.<init>(ChromeDriver.java:181)
	at org.openqa.selenium.chrome.ChromeDriver.<init>(ChromeDriver.java:168)
	at org.openqa.selenium.chrome.ChromeDriver.<init>(ChromeDriver.java:157)
	at tests.TestBase.startDriver(TestBase.java:41)
... Removed 22 stack frames]]>
    </failure>
  </testcase> <!-- @BeforeSuite startDriver -->
  <testcase name="@AfterMethod screenshotOnFailure" time="0.0" classname="tests.ExportRequestPermitTest">
    <skipped/>
  </testcase> <!-- @AfterMethod screenshotOnFailure -->
  <testcase name="@AfterMethod screenshotOnFailure" time="0.0" classname="tests.LoginTest">
    <skipped/>
  </testcase> <!-- @AfterMethod screenshotOnFailure -->
  <testcase name="@AfterMethod screenshotOnFailure" time="0.0" classname="tests.ForgetPasswordTest">
    <skipped/>
  </testcase> <!-- @AfterMethod screenshotOnFailure -->
  <testcase name="@AfterMethod screenshotOnFailure" time="0.0" classname="tests.RequestPermitTest">
    <skipped/>
  </testcase> <!-- @AfterMethod screenshotOnFailure -->
  <testcase name="@AfterMethod screenshotOnFailure" time="0.0" classname="tests.ExpiryDatesTest">
    <skipped/>
  </testcase> <!-- @AfterMethod screenshotOnFailure -->
  <testcase name="openLoginFormTest" time="0.001" classname="tests.ExportRequestPermitTest">
    <skipped/>
  </testcase> <!-- openLoginFormTest -->
  <testcase name="makeLoginFormTest" time="0.0" classname="tests.ExportRequestPermitTest">
    <skipped/>
  </testcase> <!-- makeLoginFormTest -->
  <testcase name="exportPermitRequestTest" time="0.0" classname="tests.ExportRequestPermitTest">
    <skipped/>
  </testcase> <!-- exportPermitRequestTest -->
  <testcase name="validFillExportPermitForm" time="0.0" classname="tests.ExportRequestPermitTest">
    <skipped/>
  </testcase> <!-- validFillExportPermitForm -->
  <testcase name="makeLogoutTest" time="0.0" classname="tests.ExportRequestPermitTest">
    <skipped/>
  </testcase> <!-- makeLogoutTest -->
  <testcase name="openLoginFormTest" time="0.001" classname="tests.LoginTest">
    <skipped/>
  </testcase> <!-- openLoginFormTest -->
  <testcase name="emptydataLoginFormTest" time="0.0" classname="tests.LoginTest">
    <skipped/>
  </testcase> <!-- emptydataLoginFormTest -->
  <testcase name="emptyEmailFieldLoginFormTest" time="0.0" classname="tests.LoginTest">
    <skipped/>
  </testcase> <!-- emptyEmailFieldLoginFormTest -->
  <testcase name="emptyPasswordFieldLoginFormTest" time="0.0" classname="tests.LoginTest">
    <skipped/>
  </testcase> <!-- emptyPasswordFieldLoginFormTest -->
  <testcase name="makeLoginFormTest" time="0.0" classname="tests.LoginTest">
    <skipped/>
  </testcase> <!-- makeLoginFormTest -->
  <testcase name="makeLogoutTest" time="0.0" classname="tests.LoginTest">
    <skipped/>
  </testcase> <!-- makeLogoutTest -->
  <testcase name="openLoginFormTest" time="0.0" classname="tests.ForgetPasswordTest">
    <skipped/>
  </testcase> <!-- openLoginFormTest -->
  <testcase name="openForgetPasswordFormTest" time="0.0" classname="tests.ForgetPasswordTest">
    <skipped/>
  </testcase> <!-- openForgetPasswordFormTest -->
  <testcase name="emptydataForgetPasswordFormTest" time="0.0" classname="tests.ForgetPasswordTest">
    <skipped/>
  </testcase> <!-- emptydataForgetPasswordFormTest -->
  <testcase name="invalidDataForgetPasswordFormTest" time="0.0" classname="tests.ForgetPasswordTest">
    <skipped/>
  </testcase> <!-- invalidDataForgetPasswordFormTest -->
  <testcase name="forgetPasswordFormTest" time="0.0" classname="tests.ForgetPasswordTest">
    <skipped/>
  </testcase> <!-- forgetPasswordFormTest -->
  <testcase name="openLoginFormTest" time="0.0" classname="tests.RequestPermitTest">
    <skipped/>
  </testcase> <!-- openLoginFormTest -->
  <testcase name="makeLoginFormTest" time="0.0" classname="tests.RequestPermitTest">
    <skipped/>
  </testcase> <!-- makeLoginFormTest -->
  <testcase name="requestPermitTest" time="0.0" classname="tests.RequestPermitTest">
    <skipped/>
  </testcase> <!-- requestPermitTest -->
  <testcase name="selectPermitTypeTest" time="0.0" classname="tests.RequestPermitTest">
    <skipped/>
  </testcase> <!-- selectPermitTypeTest -->
  <testcase name="exportPermitRequestTest" time="0.0" classname="tests.RequestPermitTest">
    <skipped/>
  </testcase> <!-- exportPermitRequestTest -->
  <testcase name="makeLogoutTest" time="0.0" classname="tests.RequestPermitTest">
    <skipped/>
  </testcase> <!-- makeLogoutTest -->
  <testcase name="openLoginFormTest" time="0.0" classname="tests.ExpiryDatesTest">
    <skipped/>
  </testcase> <!-- openLoginFormTest -->
  <testcase name="makeLoginFormTest" time="0.0" classname="tests.ExpiryDatesTest">
    <skipped/>
  </testcase> <!-- makeLoginFormTest -->
  <testcase name="requestPermitTest" time="0.0" classname="tests.ExpiryDatesTest">
    <skipped/>
  </testcase> <!-- requestPermitTest -->
  <testcase name="makeLogoutTest" time="0.0" classname="tests.ExpiryDatesTest">
    <skipped/>
  </testcase> <!-- makeLogoutTest -->
</testsuite> <!-- Regression Test -->
